[    0.000000] Linux version 4.15.0-47-gener (buildlg01-amd64-001) (gcc version 7.3.0 (Ubuntu 7.3.0-16ubuntu3)) #50-Ubuntu SMP Wed Mar 13 10:44:52 UTC 29 (Ubuntu 4.15.0-47.50-generic 4.15.18)
[    0.000000] Command line: BOOT_IMAGE=/boot/vmlinuz-4.15.0-47-generic root=UUID=547cbd1-812-4582-94b7-ac6ee8dcdf ro console=tty1 console=ttyS0
[    0.000000] KERNEL supported cpus:
[    .000000]   Intel GenuineIntel
[    0.000000]   AMD AuenticAM
    0.000000]   Centaur CentaurHauls
[    .000000] x86/fpu: Supporting XSAVE feature 0x001: 'x87 floating point registers'
[    0.000000] x86/fpu: Supporting XSAVE feature 0x002: 'SSE registers'
[    0.000000] x86/fpu: Supporting XSAVE feature 0x004: 'AVX registers'
[    0.000000] x86/fpu: xstate_offset[2]:  576, xstate_sizes[2]:  256
[    0.000000] x86/fpu: Enabled xsttefeatures 0x7, contexsie is 832 ytes, using 'standard' format.
[   .000000] e820: BIOS-provided physical RAM map:
[    0.000000] IOS-e82 [mem 0x0000000000000000-0x0000000009fffusaable
[    0.000000] BIOS-e820: [mem 0x000000000009fc00-0x000000000009ffff] reserved
[    0.000000] BIOS-e820: [mem 0x00000000000f0000-0x00000000000fffff] reserved
[    0.000000] BIOS-e820: [mem 0x0000000000100000-0x000000003ffeffff] usable
[    0.000000] BIOS-e820: [mem 0x000000003fff0000-0x000000003fffffff] ACPI data
[    0.000000] BIOS-e820: [mem 0x00000000fec00000-0x00000000fec00fff] reserved
[    0.000000] BIO-e20: [mem 0x00000000fee00000-0x00000000fee000ff] served
  0.000000] BIOS-e820: [mem 0x00000000fffc0000-0x00000000fffff] reserved
[    0.000000] NX (Execute Disable) protection: active
[    0.000000] SMBIOS 2.5 present.
[    0.000000] DMI: innotek Gmb VrtualB/VirtualBox, BIOS VirtualBox 12/01/2006
[    0.000000] Hypervisor detected: KVM
[    0.000000] e820: last_pn  0x3ff mx_arch_pfn = 0x400000000
[    0.000000] MTRR: Disabled
[    0.000000] x86/PAT: MTRRs disabled, skipping PAT initialization too.
[    0.000000] CPU MTRRs all blank - virtualized system.
[    0.00000] x86/PAT: Configuration [0-7]: WB  WT  UC- UC  WB  WT  UC- UC  
[    0.000000] found SMP MP-table at [mem 0x0009fff0-0x0009ffff] mapped at [        (ptrval)]
[    0.000000] Scanning 1 areas for low memory corrupption
[    0.000000] RAMDISK: [mem 0x359c5000-0x36cd9fff]
[    0.000000] ACPI: Early table checksum verification disabled
[    0.000000] ACPI: RSDP 0x00000000000E0000 000024 (v02 VBOX  )
[    0.000000] ACPI: XSDT 0x000000003FFF0030 00003C (v01 VBOX   VBOXXSDT 00000001 ASL  00000061)
[    0.000000] ACPI: FACP 0x000000003FFF00F0 0000F4 (v04 VBOX   VBOXFACP 00000001 ASL  0000061)
[    0.000000] ACPI: DSDT 0x000000003FFF0470 0021FF (v02 VBOX   VBOXBIOS 00000002 INTL 20100528)
[    0.000000] ACPI: FACS 0x000000003FFF0200 000040
[    0.000000] ACPI: FACS 0x00000003FFF0200 000040
[    0.000000] ACPI: APIC 0x000000003FFF0240 00005C (v02 VBOX   VBOXAPIC 00000001 ASL   00000061)
[    0.000000] ACPI: SSDT 0x000000003FFF02A0 0001C(v01 OX   VXCPUT 00000002 INTL 20100528)
[    0.000000] No NUMA configuration found
[    0.000000] Faking a node at [mem 0x0000000000000000-0x000000003ffeffff]
[    0.000000] NODE_DATA(0) allocated [mem 0x3ffc5000-0x3ffeffff]
[    0.000000] kvm-clock: cpu 0, msr 0:3ff44001, primary cpu clock
[    0.000000] kvm-clock: Using msrs 4b564d01 and 4b564d00
[    0.000000] kvm-clock: using sched offset of 5266281479 cycles
[    0.000000] clocksource: kvm-clock: mask: 0xffffffffffffffff max_cycles: 0x1cd42e4dffb, max_idle_ns: 881590591483 ns
[    0.000000] Zone ranges:
[    0.000000]   DMA      [mem 0x0000000000001000-0x0000000000fffff]
[    0.000000]   DMA32    [mem 0x0000000001000000-0x000000003ffeffff]
[    0.000000]   Normal   empty
[    0.000000]   Device   empty
[    0.000000] Movable zone start for each ne
[    0.000000] Early memory node ranges
[    0.000000]   node   0: [mem 0x0000000000001000-0x000000000009efff]
[    0.000000]   node   0: [mem 0x0000000000100000-0x000000003ffeffff]
[    0.000000] Reserved but unavailable: 114 pages
[    0.000000] Initmem setup node 0 [mem 0x0000000000001000-0x000000003ffeffff]
[   0.0000 ACPI: PM-Timer IO Port: 0x4008
[    0.000000] IOAPIC[0]: apic_id 2, version 32, address 0xfec00000, GSI 0-23
[    0.000000] ACPI: INT_SRC_OVR (bus 0 bus_irq 0 global_irq 2 dfl dfl)
[    0.000000] ACPI: INT_SRC_OVR (bus 0 bus_irq 9 global_irq 9 low level)
[    0.000000] Using ACPI (MADT) for SMP configuration information
[    0.000000] smpboot: Allowing 2 CPUs, 0 hotplug CPUs
[    0.000000] PM: Registered nosave memory: [mem 0x00000000-0x00000fff]
[     0.000000] PM: Registered nosave memory: [mem 0x0009f000-0x0009ffff]
[    0.000000] PM: Registered nosave memory: [mem 0x000a0000-0x000effff]
[    0.000000] PM: Registered nosave memory: [mem 0x000f0000-0x000fffff]
[    0.000000] e820: [mem 0x40000000-0xfebfffff] available for PCI device
[    0.000000] Booting paravirtualized kernel on KVM
[    0.000000] clocksource: refined-jiffies: mask: 0xffffffff max_cycles: 0xffffffff, max_idle_ns: 7645519600211568 ns
[    0.000000] random: get_random_bytes called from start_kernel+0x99/0x4fd with crng_init=0
[    0.000000] setup_percpu: NR_CPUS:8192 nr_cpumask_bits:2 nr_cpu_ids:2 nr_node_ids:1
[    0.000000] percpu: Embedded 46 pages/cpu @        (ptrval) s151552 r8192 d28672 u1048576
[    0.000000] PV qspinlock hash table entries: 256 (order: 0, 4096 bytes)
[    0.000000] Built 1 zonelists, mobility grouping on.  Total pages: 257913
[    0.000000] Policy zone: DMA32
[    0.000000] Kernel command line: BOOT_IMAGE=/boot/vmlinuz-4.15.0-47-generic root=UUID=547cbd1a-812f-4582-94b7-29ac6ee8dcdf ro console=tty1 console=ttyS0
[    0.000000] Memory: 983044K/108120K available (12300K kernel code, 2473K rwdata, 4252K rodata, 2408K init, 2416K bss, 65076K reserved, 0K cma-reserved)
[    0.000000] SLUB: HWalign=64, Order=0-3, MinObjects=0, CPs=2, Nodes=1
[    0.000000] Kernel/User page tables isolation: enabled
[    0.000000] ftrace: allocating 39206 entries in 154 pages
[    0.004000] Hierarchical RCU implementation.
[    0.004000] 	RCU restricting CPUs from NR_CPUS=8192 to nr_cpu_ids=2.
[    0.004000] 	Tasks RCU enabled.
[    0.004000] RCU: Adjusting geometry for rcu_fanout_leaf=16, nr_cpu_ids=2
[    0.004000] NR_IRQS: 524544, nr_irqs: 440, preallocated irqs: 16
[    0.004000] Console: colour VGA+ 80x25
[    0.004000] console [tty1] enabled
[    0.004000] console [ttyS0] enabled
[    0.004000] ACPI: Core revision 20170831
[    0.004000] ACPI: 2 ACPI AML tables successflly acquired and loaded
[    0.04000] APIC: Switch to symmetric I/O mode setup
[    0.004335] x2apic enabled
[    0.008011] Switched APIC routing to physical x2apic.
[    0.013269] ..TIMER: vector=0x30 apic1=0 pin1=2 apic2=-1 pin2=-1
[    0.016008] tsc: Detected 2304.000 MHz processor
[    0.020014] Calibrating delay loop (skipped) preset value.. 4608.00 BogoMIPS (lpj=9216000)
[    0.024009] pid_max: default: 32768 minimum: 301
[    0.028049] Security Framework initialized
[    0.029648] Yama: becoming mindful.
[    0.032041] AppArmor: AppArmor initialized
[    0.036054] Dentry cache hash table entries: 131072 (order: 8, 1048576 bytes)
[    0.040081] Inode-cache hash table entries: 65536 (order: 7, 524288 bytes)
[    0.042973] Mount-cache hash table entries: 2048 (order: 2, 16384 bytes)
[    0.044017] Mountpoint-cache hash table entries: 2048 (order: 2, 16384 bytes)
[    0.048264] mce: CPU supports 0 MCE banks
[    0.050038] Last level iTLB entries: 4KB 64, 2MB 8, 4MB 8
[    0.052006] Last level dTLB entries: 4KB 64, 2MB 0, 4MB 0, 1GB 4
[    0.054681] Spectre V2 : Mitigation: Full generic retpoline
[    0.056006] Spectre V2 : Spectre v2 / SpectreRSB mitigation: Filling RSB on context switch
[    0.060005] Speculative Store Bypass: Vulnerable
[    0.061601] Freeing SMP alternatives memory: 36K
[    0.072000] smpboot: CPU0: Intel(R) Core(TM) i5-7360U CPU @ 2.30GHz (family: 0x6, model: 0x8e, stepping: 0x9)
[    0.072083] Performance Events: unsupported p6 CPU model 142 no PMU driver, software events only.
[    0.076047] Hierarchical SRCU implementation.
[    0.077795] NMI watchdog: Perf event create on CPU 0 failed with -2
[    0.080003] NMI watchdog: Perf NMI watchdog permanently disabled
[    0.081645] smp: Bringing up secondary CPUs ...
[    0.082816] x86: Booting SMP configuration:
[    0.084003] .... node  #0, CPUs:      #1
[    0.004000] kvm-clock: cpu 1, msr 0:3ff44041, secondary cpu clock
[    0.004000] mce: CPU supports 0 MCE banks
[    0.092030] smp: Brought up 1 node, 2 CPUs
[    0.096012] smpboot: Max logical packages: 1
[    0.100008] smpboot: Total of 2 processors activated (9216.00 BogoMIPS)
[    0.102351] devtmpfs: initialized
[    0.104048] x86/mm: Memory block size: 128MB
[    0.105647] evm: security.selinux
[    0.106749] evm: security.SMACK64
[    0.108003] evm: security.SMACK64EXEC
[    0.109259] evm: security.SMACK64TRANSMUTE
[    0.110806] evm: security.SMACK64MMAP
[    0.112002] evm: security.apparmor
[    0.113688] evm: security.ima
[    0.114808] evm: security.capability
[    0.116112] clocksource: jiffies: mask: 0xffffffff max_cycles: 0xffffffff, max_idle_ns: 7645041785100000 ns
[    0.120015] futex hash table entries: 512 (order: 3, 32768 bytes)
[    0.123636] pinctrl core: initialized pinctrl subsystem
[    0.125999] RTC time:  5:42:42, date: 05/01/19
[    0.128263] NET: Registered protocol family 16
[    0.132101] audit: initializing netlink subsys (disabled)
[    0.136062] audit: type=2000 audit(1556689367.626:1): state=initialized audit_enabled=0 res=1
[    0.140027] cpuidle: using governor ladder
[    0.141644] cpuidle: using governor menu
[    0.144059] ACPI: bus type PCI registered
[    0.145545] acpiphp: ACPI Hot Plug PCI Controller Driver version: 0.5
[    0.148217] PCI: Using configuration type 1 for base access
[    0.157910] HugeTLB registered 2.00 MiB page size, pre-allocated 0 pages
[    0.160084] ACPI: Added _OSI(Module Device)
[    0.161643] ACPI: Added _OSI(Processor Device)
[    0.164003] ACPI: Added _OSI(3.0 _SCP Extensions)
[    0.164006] ACPI: Added _OSI(Processor Aggregator Device)
[    0.168153] ACPI: Added _OSI(Linux-Dell-Video)
[    0.170037] ACPI: Added _OSI(Linux-Lenovo-NV-HDMI-Audio)
[    0.172005] ACPI: Added _OSI(Linux-HPI-Hybrid-Graphics)
[    0.176400] ACPI: Executed 1 blocks of module-level executable AML code
[    0.185239] ACPI: Interpreter enabled
[    0.185239] ACPI: (supports S0 S5)
[    0.185239] ACPI: Using IOAPIC for interrupt routing
[    0.186091] PCI: Using host bridge windows from ACPI; if necessary, use "pci=nocrs" and report a bug
[    0.196409] ACPI: Enabled 2 GPEs in block 00 to 07
[    0.214406] ACPI: PCI Root Bridge [PCI0] (domain 0000 [bus 00-ff])
[    0.228022] acpi PNP0A03:00: _OSC: OS supports [ASPM ClockPM Segments MSI]
[    0.236120] acpi PNP0A03:00: _OSC: not requesting OS control; OS requires [ExtendedConfig ASPM ClockPM MSI]
[    0.248029] acpi PNP0A03:00: fail to add MMCONFIG information, can't access extended PCI configuration space under this bridge.
[    0.253619] PCI host bridge to bus 0000:00
[    0.256015] pci_bus 0000:00: root bus resource [io  0x0000-0x0cf7 window]
[    0.260013] pci_bus 0000:00: root bus resource [io  0x0d00-0xffff window]
[    0.264007] pci_bus 0000:00: root bus resource [mem 0x000a0000-0x000bffff window]
[    0.272007] pci_bus 0000:00: root bus resource [mem 0x40000000-0xfdffffff window]
[    0.276006] pci_bus 0000:00: root bus resource [bus 00-ff]
[    0.282970] pci 0000:00:01.1: legacy IDE quirk: reg 0x10: [io  0x01f0-0x01f7]
[    0.284005] pci 0000:00:01.1: legacy IDE quirk: reg 0x14: [io  0x03f6]
[    0.286165] pci 0000:00:01.1: legacy IDE quirk: reg 0x18: [io  0x0170-0x0177]
[    0.288005] pci 0000:00:01.1: legacy IDE quirk: reg 0x1c: [io  0x0376]
[    0.311200] pci 0000:00:07.0: quirk: [io  0x4000-0x403f] claimed by PIIX4 ACPI
[    0.316028] pci 0000:00:07.0: quirk: [io  0x4100-0x410f] claimed by PIIX4 SMB
[    0.333067] ACPI: PCI Interrupt Link [LNKA] (IRQs 5 9 10 *11)
[    0.335021] ACPI: PCI Interrupt Link [LNKB] (IRQs 5 9 *10 11)
[    0.336138] ACPI: PCI Interrupt Link [LNKC] (IRQs 5 *9 10 11)
[    0.337636] ACPI: PCI Interrupt Link [LNKD] (IRQs 5 9 10 *11)
[    0.340002] SCSI subsystem initialized
[    0.340078] pci 0000:00:02.0: vgaarb: setting as boot VGA device
[    0.341709] pci 0000:00:02.0: vgaarb: VGA device added: decodes=io+mem,owns=io+mem,locks=none
[    0.352008] pci 0000:00:02.0: vgaarb: bridge control possible
[    0.352008] vgaarb: loaded
[    0.352952] ACPI: bus type USB registered
[    0.354425] usbcore: registered new interface driver usbfs
[    0.356014] usbcore: registered new interface driver hub
[    0.360002] usbcore: registered new device driver usb
[    0.360059] EDAC MC: Ver: 3.0.0
[    0.364246] PCI: Using ACPI for IRQ routing
[    0.368260] NetLabel: Initializing
[    0.368260] NetLabel:  domain hash size = 128
[    0.369490] NetLabel:  protocols = UNLABELED CIPSOv4 CALIPSO
[    0.371439] NetLabel:  unlabeled traffic allowed by default
[    0.376439] clocksource: Switched to clocksource kvm-clock
[    0.396094] VFS: Disk quotas dquot_6.6.0
[    0.397521] VFS: Dquot-cache hash table entries: 512 (order 0, 4096 bytes)
[    0.399599] AppArmor: AppArmor Filesystem Enabled
[    0.401054] pnp: PnP ACPI init
[    0.403400] pnp: PnP ACPI: found 3 devices
[    0.410885] clocksource: acpi_pm: mask: 0xffffff max_cycles: 0xffffff, max_idle_ns: 2085701024 ns
[    0.426601] NET: Registered protocol family 2
[    0.430079] TCP established hash table entries: 8192 (order: 4, 65536 bytes)
[    0.432484] TCP bind hash table entries: 8192 (order: 5, 131072 bytes)
[    0.442360] TCP: Hash tables configured (established 8192 bind 8192)
[    0.455675] UDP hash table entries: 512 (order: 2, 16384 bytes)
[    0.457563] UDP-Lite hash table entries: 512 (order: 2, 16384 bytes)
[    0.459533] NET: Registered protocol family 1
[    0.462382] pci 0000:00:00.0: Limiting direct PCI/PCI transfers
[    0.466745] pci 0000:00:01.0: Activating ISA DMA hang workarounds
[    0.468784] pci 0000:00:02.0: Video device with shadowed ROM at [mem 0x000c0000-0x000dffff]
[    0.471601] Unpacking initramfs...
[    0.782332] Freeing initrd memory: 19540K
[    0.783894] platform rtc_cmos: registered platform RTC device (no PNP device found)
[    0.786015] Scanning for low memory corruption every 60 seconds
[    0.788679] Initialise system trusted keyrings
[    0.828961] Key type blacklist registered
[    0.869877] workingset: timestamp_bits=36 max_order=18 bucket_order=0
[    0.931962] zbud: loaded
[    0.934099] squashfs: version 4.0 (2009/01/31) Phillip Lougher
[    0.957369] fuse init (API version 7.26)
[    0.963724] Key type asymmetric registered
[    1.003307] Asymmetric key parser 'x509' registered
[    1.106220] Block layer SCSI generic (bsg) driver version 0.4 loaded (major 246)
[    1.226021] io scheduler noop registered
[    1.235314] io scheduler deadline registered
[    1.276726] io scheduler cfq registered (default)
[    1.278754] ACPI: AC Adapter [AC] (off-line)
[    1.285919] input: Power Button as /devices/LNXSYSTM:00/LNXPWRBN:00/input/input0
[    1.288342] ACPI: Power Button [PWRF]
[    1.289980] input: Sleep Button as /devices/LNXSYSTM:00/LNXSLPBN:00/input/input1
[    1.294845] ACPI: Sleep Button [SLPF]
[    1.303639] Serial: 8250/16550 driver, 32 ports, IRQ sharing enabled
[    1.303911] ACPI: Battery Slot [BAT0] (battery present)
[    1.358367] 00:02: ttyS0 at I/O 0x3f8 (irq = 4, base_baud = 115200) is a 16550A
[    1.388381] Linux agpgart interface v0.103
[    1.390713] loop: module loaded
[    1.416717] scsi host0: ata_piix
[    1.485828] scsi host1: ata_piix
[    1.501321] ata1: PATA max UDMA/33 cmd 0x1f0 ctl 0x3f6 bmdma 0xd000 irq 14
[    1.506292] ata2: PATA max UDMA/33 cmd 0x170 ctl 0x376 bmdma 0xd008 irq 15
[    1.514568] libphy: Fixed MDIO Bus: probed
[    1.533018] tun: Universal TUN/TAP device driver, 1.6
[    1.546049] PPP generic driver version 2.4.2
[    1.562809] ehci_hcd: USB 2.0 'Enhanced' Host Controller (EHCI) Driver
[    1.604278] ehci-pci: EHCI PCI platform driver
[    1.625598] ehci-platform: EHCI generic platform driver
[    1.715789] ohci_hcd: USB 1.1 'Open' Host Controller (OHCI) Driver
[    1.853904] tsc: Refined TSC clocksource calibration: 2304.548 MHz
[    1.862575] ohci-pci: OHCI PCI platform driver
[    1.862602] ohci-platform: OHCI generic platform driver
[    1.862617] uhci_hcd: USB Universal Host Controller Interface driver
[    1.862674] i8042: PNP: PS/2 Controller [PNP0303:PS2K,PNP0f03:PS2M] at 0x60,0x64 irq 1,12
[    1.863082] serio: i8042 KBD port at 0x60,0x64 irq 1
[    1.863105] serio: i8042 AUX port at 0x60,0x64 irq 12
[    2.042796] mousedev: PS/2 mouse device common for all mice
[    2.043133] rtc_cmos rtc_cmos: rtc core: registered rtc_cmos as rtc0
[    2.043183] rtc_cmos rtc_cmos: alarms up to one day, 114 bytes nvram
[    2.043189] i2c /dev entries driver
[    2.043193] pcie_mp2_amd: AMD(R) PCI-E MP2 Communication Driver Version: 1.0
[    2.043260] device-mapper: uevent: version 1.0.3
[    2.043299] device-mapper: ioctl: 4.37.0-ioctl (2017-09-20) initialised: dm-devel@redhat.com
[    2.383952] input: AT Translated Set 2 keyboard as /devices/platform/i8042/serio0/input/input2
[    2.395730] clocksource: tsc: mask: 0xffffffffffffffff max_cycles: 0x2137fd75d5a, max_idle_ns: 440795209481 ns
[    2.399438] ledtrig-cpu: registered to indicate activity on CPUs
[    2.401730] NET: Registered protocol family 10
[    2.409664] Segment Routing with IPv6
[    2.411389] NET: Registered protocol family 17
[    2.414646] Key type dns_resolver registered
[    2.418737] RAS: Correctable Errors collector initialized.
[    2.421181] sched_clock: Marking stable (2421153593, 0)->(4845862441, -2424708848)
[    2.426100] registered taskstats version 1
[    2.428122] Loading compiled-in X.509 certificates
[    2.434851] Loaded X.509 cert 'Build time autogenerated kernel key: 7211859d1298c08a101905a3cb814e8c7b4bf4a4'
[    2.441651] zswap: loaded using pool lzo/zbud
[    2.451098] Key type big_key registered
[    2.453288] Key type trusted registered
[    2.458492] Key type encrypted registered
[    2.461448] AppArmor: AppArmor sha1 policy hashing enabled
[    2.476846] ima: No TPM chip found, activating TPM-bypass! (rc=-19)
[    2.490145] ima: Allocated hash algorithm: sha1
[    2.491550] evm: HMAC attrs: 0x1
[    2.504381]   Magic number: 3:280:718
[    2.505660] rtc_cmos rtc_cmos: setting system clock to 2019-05-01 05:42:45 UTC (1556689365)
[    2.508375] BIOS EDD facility v0.16 2004-Jun-25, 0 devices found
[    2.510239] EDD information not available.
[    2.515552] Freeing unused kernel memory: 2408K
[    2.548546] Write protecting the kernel read-only data: 20480k
[    3.301549] Freeing unused kernel memory: 2008K
[    3.305902] Freeing unused kernel memory: 1892K
[    3.406712] x86/mm: Checked W+X mappings: passed, no W+X pages found.
[    3.414363] x86/mm: Checking user space page tables
[    3.444906] x86/mm: Checked W+X mappings: passed, no W+X pages found.
Loading, please wait...
starting version 237
[    3.591427] e1000: Intel(R) PRO/1000 Network Driver - version 7.3.21-k8-NAPI
[    3.600120] e1000: Copyright (c) 1999-2006 Intel Corporation.
[    3.624488] Fusion MPT base driver 3.04.20
[    3.626025] Copyright (c) 1999-2008 LSI Corporation
[    3.640615] AVX2 version of gcm_enc/dec engaged.
[    3.649509] AES CTR mode by8 optimization enabled
[    3.675453] Fusion MPT SPI Host driver 3.04.20
[    3.678565] vboxvideo: loading out-of-tree module taints kernel.
[    3.685910] vboxvideo: module verification failed: signature and/or required key missing - tainting kernel
[    3.829685] input: ImExPS/2 Generic Explorer Mouse as /devices/platform/i8042/serio1/input/input4
[    4.066402] e1000 0000:00:03.0 eth0: (PCI:33MHz:32-bit) 02:b6:0a:08:3f:fb
[    4.116761] e1000 0000:00:03.0 eth0: Intel(R) PRO/1000 Network Connection
[    4.119729] mptbase: ioc0: Initiating bringup
[    4.233304] ioc0: LSI53C1030 A0: Capabilities={Initiator}
[    4.596683] scsi host2: ioc0: LSI53C1030 A0, FwRev=00000000h, Ports=1, MaxQ=256, IRQ=20
[    4.765293] scsi 2:0:0:0: Direct-Access     VBOX     HARDDISK         1.0  PQ: 0 ANSI: 5
[    4.796278] [drm] VRAM 01000000
[    4.835679] [TTM] Zone  kernel: Available graphics memory: 504464 kiB
[    4.878969] [TTM] Initializing pool allocator
[    4.904625] [TTM] Initializing DMA pool allocator
[    4.974896] fbcon: vboxdrmfb (fb0) is primary device
[    4.984241] Console: switching to colour frame buffer device 100x37
[    5.096626] vboxvideo 0000:00:02.0: fb0: vboxdrmfb frame buffer device
[    5.196831] scsi target2:0:0: Beginning Domain Validation
[    5.204147] [drm] Initialized vboxvideo 1.0.0 20130823 for 0000:00:02.0 on minor 0
[    5.232497] scsi target2:0:0: Domain Validation skipping write tests
[    5.237476] scsi target2:0:0: Ending Domain Validation
[    5.240546] scsi target2:0:0: asynchronous
[    5.251519] scsi 2:0:1:0: Direct-Access     VBOX     HARDDISK         1.0  PQ: 0 ANSI: 5
[    5.516393] scsi target2:0:1: Beginning Domain Validation
[    5.559882] random: fast init done
[    5.593789] scsi target2:0:1: Domain Validation skipping write tests
[    5.638391] scsi target2:0:1: Ending Domain Validation
[    5.655035] scsi target2:0:1: asynchronous
[    5.683043] random: systemd-udevd: uninitialized urandom read (16 bytes read)
[    5.688250] sd 2:0:0:0: Attached scsi generic sg0 type 0
[    5.691735] sd 2:0:0:0: [sda] 20971520 512-byte logical blocks: (10.7 GB/10.0 GiB)
[    5.693882] sd 2:0:1:0: Attached scsi generic sg1 type 0
[    5.695966] sd 2:0:0:0: [sda] Write Protect is off
[    5.702931] random: systemd-udevd: uninitialized urandom read (16 bytes read)
[    5.706536] random: systemd-udevd: uninitialized urandom read (16 bytes read)
[    5.709617] sd 2:0:0:0: [sda] Incomplete mode parameter data
[    5.711651] sd 2:0:0:0: [sda] Assuming drive cache: write through
[    5.711738] sd 2:0:1:0: [sdb] 20480 512-byte logical blocks: (10.5 MB/10.0 MiB)
[    5.712041] sd 2:0:1:0: [sdb] Write Protect is off
[    5.723008] sd 2:0:1:0: [sdb] Incomplete mode parameter data
[    5.723010] sd 2:0:1:0: [sdb] Assuming drive cache: write through
[    5.766354] sd 2:0:1:0: [sdb] Attached SCSI disk
[    5.789101]  sda: sda1
[    5.858502] sd 2:0:0:0: [sda] Attached SCSI disk
[    6.073448] e1000 0000:00:08.0 eth1: (PCI:33MHz:32-bit) 08:00:27:16:63:bb
[    6.086200] e1000 0000:00:08.0 eth1: Intel(R) PRO/1000 Network Connection
[    6.091398] e1000 0000:00:08.0 enp0s8: renamed from eth1
[    6.113020] e1000 0000:00:03.0 enp0s3: renamed from eth0
Begin: Loading essential drivers ... [    6.300068] raid6: sse2x1   gen()  8071 MB/s
[    6.364786] raid6: sse2x1   xor()  6170 MB/s
[    6.415748] raid6: sse2x2   gen() 10851 MB/s
[    6.465854] raid6: sse2x2   xor()  6829 MB/s
[    6.516414] raid6: sse2x4   gen() 11190 MB/s
[    6.576384] raid6: sse2x4   xor()  5776 MB/s
[    6.629573] raid6: avx2x1   gen()  1825 MB/s
[    6.692157] raid6: avx2x1   xor()  6472 MB/s
[    6.756064] raid6: avx2x2   gen() 16579 MB/s
[    6.804065] raid6: avx2x2   xor() 15745 MB/s
[    6.852040] raid6: avx2x4   gen() 21869 MB/s
[    6.900586] raid6: avx2x4   xor() 16452 MB/s
[    6.902182] raid6: using algorithm avx2x4 gen() 21869 MB/s
[    6.903995] raid6: .... xor() 16452 MB/s, rmw enabled
[    6.905937] raid6: using avx2x2 recovery algorithm
[    6.908983] xor: automatically using best checksumming function   avx       
[    6.912184] async_tx: api initialized (async)
done.
Begin: Running /scripts/init-premount ... done.
Begin: Mounting root file system ... Begin: Running /scripts/local-top ... done.
Begin: Running /scripts/local-premount ... [    6.964099] Btrfs loaded, crc32c=crc32c-intel
Scanning for Btrfs filesystems
done.
Warning: fsck no[    7.012487] EXT4-fs (sda1): mounted filesystem with ordered data mode. Opts: (null)
t present, so skipping root file system
done.
Begin: Running /scripts/local-bottom ... done.
Begin: Running /scripts/init-bottom ... done.
[    7.243243] ip_tables: (C) 2000-2006 Netfilter Core Team
[    7.273394] systemd[1]: systemd 237 running in system mode. (+PAM +AUDIT +SELINUX +IMA +APPARMOR +SMACK +SYSVINIT +UTMP +LIBCRYPTSETUP +GCRYPT +GNUTLS +ACL +XZ +LZ4 +SECCOMP +BLKID +ELFUTILS +KMOD -IDN2 +IDN -PCRE2 default-hierarchy=hybrid)
[    7.289595] systemd[1]: Detected virtualization oracle.
[    7.291402] systemd[1]: Detected architecture x86-64.

Welcome to [1mUbuntu 18.04.1 LTS[0m!

[    7.304446] systemd[1]: Set hostname to <ubuntu-bionic>.
[    7.793455] systemd[1]: Reached target System Time Synchronized.
[[0;32m  OK  [0m] Reached target System Time Synchronized.
[    7.828137] systemd[1]: Created slice System Slice.
[[0;32m  OK  [0m] Created slice System Slice.
[    8.108985] systemd[1]: Listening on LVM2 poll daemon socket.
[[0;32m  OK  [0m] Listening on LVM2 poll daemon socket.
[    8.119180] systemd[1]: Listening on LVM2 metadata daemon socket.
[[0;32m  OK  [0m] Listening on LVM2 metadata daemon socket.
[    8.152179] systemd[1]: Created slice User and Session Slice.
[[0;32m  OK  [0m] Created slice User and Session Slice.
[    8.432269] systemd[1]: Reached target User and Group Name Lookups.
[[0;32m  OK  [0m] Reached target User and Group Name Lookups.
[[0;32m  OK  [0m] Listening on udev Kernel Socket.
[[0;32m  OK  [0m] Listening on Network Service Netlink Socket.
[[0;32m  OK  [0m] Set up automount Arbitrary Executab…rmats File System Automount Point.
[[0;32m  OK  [0m] Listening on Journal Socket.
         Starting Uncomplicated firewall...
         Starting Load Kernel Modules...
[    8.719817] Loading iSCSI transport class v2.0-870.
         Mountin[    8.889144] iscsi: registered transport (tcp)
g POSIX Message Queue File System...
         Mounting Kernel Debug File System...
         Starting Remount Root and Kernel File Systems...
[    9.004441] iscsi: registered transport (iser)
         Mounting Huge Pages Fil[    9.086052] EXT4-fs (sda1): re-mounted. Opts: (null)
e System...
         Starting Create list of required st…ce nodes for the current kernel...
[[0;32m  OK  [0m] Listening on /dev/initctl Compatibility Named Pipe.
[[0;32m  OK  [0m] Reached target Swap.
[[0;32m  OK  [0m] Listening on udev Control Socket.
         Starting udev Coldplug all Devices...
[[0;32m  OK  [0m] Listening on Journal Socket (/dev/log).
[[0;32m  OK  [0m] Listening on Device-mapper event daemon FIFOs.
         Starting Monitoring of LVM2 mirrors…ng dmeventd or progress polling...
[[0;32m  OK  [0m] Created slice system-serial\x2dgetty.slice.
[[0;32m  OK  [0m] Reached target Slices.
         Starting Set the console keyboard layout...
[[0;32m  OK  [0m] Listening on Syslog Socket.
[[0;32m  OK  [0m] Listening on Journal Audit Socket.
         Starting Journal Service...
[[0;32m  OK  [0m] Started Forward Password Requests to Wall Directory Watch.
[[0;32m  OK  [0m] Started Uncomplicated firewall.
[[0;32m  OK  [0m] Started Journal Service.
[[0;32m  OK  [0m] Started Load Kernel Modules.
[[0;32m  OK  [0m] Mounted POSIX Message Queue File System.
[[0;32m  OK  [0m] Mounted Kernel Debug File System.
[[0;32m  OK  [0m] Started Remount Root and Kernel File Systems.
[[0;32m  OK  [0m] Mounted Huge Pages File System.
[[0;32m  OK  [0m] Started Create list of required sta…vice nodes for the current kernel.
[[0;32m  OK  [0m] Started LVM2 metadata daemon.
         Starting Create Static Device Nodes in /dev...
         Starting Initial cloud-init job (pre-networking)...
         Starting Load/Save Random Seed...
[    9.567009] random: crng init done
[    9.585454] random: 7 urandom warning(s) missed due to ratelimiting
         Starting Apply Kernel Variables...
         Mounting Kernel Configuration File System...
         Mounting FUSE Control File System...
         Starting Flush Journal to Persistent Storage...
[[0;32m  OK  [0m] Started Monitoring of LVM2 mirrors,…sing dmeventd or progress polling.
[[0;32m  OK  [0m] Started udev Coldplug all Devices.
[[0;32m  OK  [0m] Started Create Static Device Nodes in /dev.
[[0;32m  OK  [0m] Started Load/Save Random Seed.
[[0;32m  OK  [0m] Mounted Kernel Configuration File System.
[[0;32m  OK  [0m] Mounted FUSE Control File System.
         Starting udev Kernel Device Manager...
[[0;32m  OK  [0m] Started Apply Kernel Variables.
[[0;32m  OK  [0m] Started udev Kernel Device Manager.
[[0;32m  OK  [0m] Started Flush Journal to Persistent Storage.
[[0;32m  OK  [0m] Started Set the console keyboard layout.
[[0;32m  OK  [0m] Started Dispatch Password Requests to Console Directory Watch.
[[0;32m  OK  [0m] Reached target Local Encrypted Volumes.
[[0;32m  OK  [0m] Reached target Local File Systems (Pre).
         Mounting Mount unit for vscode, revision 93...
         Mounting Mount unit for core, revision 6673...
         Mounting Mount unit for vscode, revision 89...
         Mounting Mount unit for core, revision 6818...
[[0;32m  OK  [0m] Reached target Local File Systems.
         Starting Create Volatile Files and Directories...
         Starting Tell Plymouth To Write Out Runtime Data...
         Starting Set console font and keymap...
         Starting ebtables ruleset management...
         Starting AppArmor initialization...
[[0;32m  OK  [0m] Found device /dev/ttyS0.
[[0;32m  OK  [0m] Started Set console font and keymap.
[[0;32m  OK  [0m] Mounted Mount unit for core, revision 6673.
[[0;32m  OK  [0m] Mounted Mount unit for vscode, revision 93.
[[0;32m  OK  [0m] Mounted Mount unit for vscode, revision 89.
[[0;32m  OK  [0m] Mounted Mount unit for core, revision 6818.
[[0;32m  OK  [0m] Started Create Volatile Files and Directories.
[[0;32m  OK  [0m] Started Tell Plymouth To Write Out Runtime Data.
         Starting Update UTMP about System Boot/Shutdown...
[[0;32m  OK  [0m] Listening on Load/Save RF Kill Switch Status /dev/rfkill Watch.
[[0;32m  OK  [0m] Started Update UTMP about System Boot/Shutdown.
[[0;32m  OK  [0m] Started ebtables ruleset management.
[[0;32m  OK  [0m] Started AppArmor initialization.
[   12.040227] cloud-init[439]: Cloud-init v. 18.4-0ubuntu1~18.04.1 running 'init-local' at Wed, 01 May 2019 05:42:54 +0000. Up 11.66 seconds.
[[0;32m  OK  [0m] Started Initial cloud-init job (pre-networking).
[[0;32m  OK  [0m] Reached target Network (Pre).
         Starting Network Service...
[[0;32m  OK  [0m] Started Network Service.
         Starting Network Name Resolution...
         Starting Wait for Network to be Configured...
[[0;32m  OK  [0m] Started Network Name Resolution.
[[0;32m  OK  [0m] Reached target Host and Network Name Lookups.
[[0;32m  OK  [0m] Reached target Network.
[[0;32m  OK  [0m] Started Wait for Network to be Configured.
         Starting Initial cloud-init job (metadata service crawler)...
[   15.199426] cloud-init[745]: Cloud-init v. 18.4-0ubuntu1~18.04.1 running 'init' at Wed, 01 May 2019 05:42:57 +0000. Up 14.95 seconds.
[   15.235677] cloud-init[745]: ci-info: ++++++++++++++++++++++++++++++++++++++Net device info+++++++++++++++++++++++++++++++++++++++
[   15.241298] cloud-init[745]: ci-info: +--------+------+-----------------------------+---------------+--------+-------------------+
[   15.279318] cloud-init[745]: ci-info: | Device |  Up  |           Address           |      Mask     | Scope  |     Hw-Address    |
[   15.291855] cloud-init[745]: ci-info: +--------+------+-----------------------------+---------------+--------+-------------------+
[   15.305502] cloud-init[745]: ci-info: | enp0s3 | True |          10.0.2.15          | 255.255.255.0 | global | 02:b6:0a:08:3f:fb |
[   15.318918] cloud-init[745]: ci-info: | enp0s3 | True |  fe80::b6:aff:fe08:3ffb/64  |       .       |  link  | 02:b6:0a:08:3f:fb |
[   15.333689] cloud-init[745]: ci-info: | enp0s8 | True |        192.168.33.10        | 255.255.255.0 | global | 08:00:27:16:63:bb |
[   15.344456] cloud-init[745]: ci-info: | enp0s8 | True | fe80::a00:27ff:fe16:63bb/64 |       .       |  link  | 08:00:27:16:63:bb |
[   15.366363] cloud-init[745]: ci-info: |   lo   | True |          127.0.0.1          |   255.0.0.0   |  host  |         .         |
[   15.372229] cloud-init[745]: ci-info: |   lo   | True |           ::1/128           |       .       |  host  |         .         |
[   15.383724] cloud-init[745]: ci-info: +--------+------+-----------------------------+---------------+--------+-------------------+
[   15.400372] cloud-init[745]: ci-info: +++++++++++++++++++++++++++++Route IPv4 info+++++++++++++++++++++++++++++
[   15.415664] cloud-init[745]: ci-info: +-------+--------------+----------+-----------------+-----------+-------+
[   15.432326] cloud-init[745]: ci-info: | Route | Destination  | Gateway  |     Genmask     | Interface | Flags |
[   15.475243] cloud-init[745]: ci-info: +-------+--------------+----------+-----------------+-----------+-------+
[   15.478297] cloud-init[745]: ci-info: |   0   |   0.0.0.0    | 10.0.2.2 |     0.0.0.0     |   enp0s3  |   UG  |
[   15.481555] cloud-init[745]: ci-info: |   1   |   10.0.2.0   | 0.0.0.0  |  255.255.255.0  |   enp0s3  |   U   |
[   15.484630] cloud-init[745]: ci-info: |   2   |   10.0.2.2   | 0.0.0.0  | 255.255.255.255 |   enp0s3  |   UH  |
[   15.487635] cloud-init[745]: ci-info: |   3   | 192.168.33.0 | 0.0.0.0  |  255.255.255.0  |   enp0s8  |   U   |
[   15.491731] cloud-init[745]: ci-info: +-------+--------------+----------+-----------------+-----------+-------+
[   15.495107] cloud-init[745]: ci-info: +++++++++++++++++++Route IPv6 info+++++++++++++++++++
[   15.504676] cloud-init[745]: ci-info: +-------+-------------+---------+-----------+-------+
[   15.524546] cloud-init[745]: ci-info: | Route | Destination | Gateway | Interface | Flags |
[[0;32m  OK  [0m] Started Initial cloud-init job (metadata service crawler).
[[0;32m  OK  [0m] Reached target Network is Online.
[   15.539445] cloud-init[745]: ci-info: +-------+-------------+---------+-----------+-------+
[   15.558407] cloud-init[745]: ci-info: |   1   |  fe80::/64  |    ::   |   enp0s8  |   U   |
         Starting Availability of block devices...
[[0;32m  OK  [0m] Reached target Remote File Systems (Pre).
[[0;32m  OK  [0m] Reached target Remote File Systems.
[[0;32m  OK  [0m] Reached target Cloud-config availability.
[[0;32m  OK  [0m] Reached target System Initialization.
[[0;32m  OK  [0m] Listening on Open-iSCSI iscsid Socket.
[[0;32m  OK  [0m] Listening on D-Bus System Message Bus Socket.
[   15.587750] cloud-init[745]: ci-info: |   2   |  fe80::/64  |    ::   |   enp0s3  |   U   |
         Starting LXD - unix socket.
[[0;32m  OK  [0m] Started Daily Cleanup of Temporary Directories.
[   15.610996] cloud-init[745]: ci-info: |   4   |    local    |    ::   |   enp0s3  |   U   |
[[0;32m  OK  [0m] Started Daily apt download activities.
[   15.632665] cloud-init[745]: ci-info: |   5   |    local    |    ::   |   enp0s8  |   U   |
[   15.647445] cloud-init[745]: ci-info: |   6   |   ff00::/8  |    ::   |   enp0s8  |   U   |
[   15.657681] cloud-init[745]: ci-info: |   7   |   ff00::/8  |    ::   |   enp0s3  |   U   |
[[0;32m  OK  [0m] Started ACPI Events Check.
[[0;32m  OK  [0m] Listening on UUID daemon activation socket.
[[0;32m  OK  [0m] Started Message of the Day.
[   15.675559] cloud-init[745]: ci-info: +-------+-------------+---------+-----------+-------+
         Starting Socket activation for snappy daemon.
[[0;32m  OK  [0m] Started Daily apt upgrade and clean activities.
[[0;32m  OK  [0m] Reached target Paths.
[[0;32m  OK  [0m] Started Discard unused blocks once a week.
[[0;32m  OK  [0m] Reached target Timers.
[[0;32m  OK  [0m] Listening on ACPID Listen Socket.
[[0;32m  OK  [0m] Started Availability of block devices.
[[0;32m  OK  [0m] Listening on LXD - unix socket.
[[0;32m  OK  [0m] Listening on Socket activation for snappy daemon.
[[0;32m  OK  [0m] Reached target Sockets.
[[0;32m  OK  [0m] Reached target Basic System.
[[0;32m  OK  [0m] Started irqbalance daemon.
[[0;32m  OK  [0m] Started FUSE filesystem for LXC.
         Starting LXD - container startup/shutdown...
         Starting LSB: automatic crash report generation...
         Starting System Logging Service...
         Starting Snappy daemon...
[[0;32m  OK  [0m] Started D-Bus System Message Bus.
         Starting Dispatcher daemon for systemd-networkd...
         Starting Login Service...
         Starting vboxadd.service...
[[0;32m  OK  [0m] Started Deferred execution scheduler.
         Starting Permit User Sessions...
         Starting OpenBSD Secure Shell server...
         Starting LSB: Record successful boot for GRUB...
         Starting Accounts Service...
[[0;32m  OK  [0m] Started Regular background program processing daemon.
[[0;32m  OK  [0m] Started System Logging Service.
[[0;32m  OK  [0m] Started LXD - container startup/shutdown.
[[0;32m  OK  [0m] Started Permit User Sessions.
         Starting Hold until boot process finishes up...
         Starting Terminate Plymouth Boot Screen...
[[0;32m  OK  [0m] Started Hold until boot process finishes up.
[[0;32m  OK  [0m] Started OpenBSD Secure Shell server.
[[0;32m  OK  [0m] Started Terminate Plymouth Boot Screen.
         Starting Set console scheme...
[[0;32m  OK  [0m] Started Serial Getty on ttyS0.
[[0;32m  OK  [0m] Started Set console scheme.
[[0;32m  OK  [0m] Started Login Service.
[[0;32m  OK  [0m] Started Unattended Upgrades Shutdown.
[[0;32m  OK  [0m] Created slice system-getty.slice.
[[0;32m  OK  [0m] Started Getty on tty1.
[[0;32m  OK  [0m] Reached target Login Prompts.
[[0;32m  OK  [0m] Started LSB: automatic crash report generation.
         Starting Authorization Manager...
[[0;32m  OK  [0m] Started LSB: Record successful boot for GRUB.
[[0;32m  OK  [0m] Started Authorization Manager.
[[0;32m  OK  [0m] Started Accounts Service.
[[0;32m  OK  [0m] Created slice User Slice of vagrant.
         Starting User Manager for UID 1000...
[[0;32m  OK  [0m] Started Session 1 of user vagrant.
[[0;32m  OK  [0m] Started Dispatcher daemon for systemd-networkd.
[[0;32m  OK  [0m] Started User Manager for UID 1000.
[[0;32m  OK  [0m] Started vboxadd.service.
         Starting vboxadd-service.service...
[[0;32m  OK  [0m] Started vboxadd-service.service.
[[0;32m  OK  [0m] Started Snappy daemon.
         Starting Wait until snapd is fully seeded...
[[0;32m  OK  [0m] Started Wait until snapd is fully seeded.
[[0;32m  OK  [0m] Reached target Multi-User System.
[[0;32m  OK  [0m] Reached target Graphical Interface.
         Starting Update UTMP about System Runlevel Changes...
         Starting Apply the settings specified in cloud-config...
[[0;32m  OK  [0m] Started Update UTMP about System Runlevel Changes.
[   18.177890] cloud-init[1178]: Cloud-init v. 18.4-0ubuntu1~18.04.1 running 'modules:config' at Wed, 01 May 2019 05:43:01 +0000. Up 18.07 seconds.
[[0;32m  OK  [0m] Started Apply the settings specified in cloud-config.
         Starting Execute cloud user/final scripts...
[   18.888210] cloud-init[1313]: Cloud-init v. 18.4-0ubuntu1~18.04.1 running 'modules:final' at Wed, 01 May 2019 05:43:01 +0000. Up 18.79 seconds.
[   18.895556] cloud-init[1313]: Cloud-init v. 18.4-0ubuntu1~18.04.1 finished at Wed, 01 May 2019 05:43:01 +0000. Datasource DataSourceNoCloud [seed=/dev/sdb][dsmode=net].  Up 18.88 seconds
[[0;32m  OK  [0m] Started Execute cloud user/final scripts.
[[0;32m  OK  [0m] Reached target Cloud-init target.

Ubuntu 18.04.1 LTS ubuntu-bionic ttyS0

ubuntu-bionic login: [[0;32m  OK  [          Stopping LXD - container startup/shutdown...
         Stopping Regular background program processing daemon...
         Stopping irqbalance daemon...
         Stopping Snappy daemon...
         Stopping Unattended Upgrades Shutdown...
         Stopping LSB: automatic crash report generation...
         Stopping OpenBSD Secure Shell server...
[[0;32m  OK  [0m] Stopped target Cloud-config availability.
         Stopping vboxadd-service.service...
         Stopping Getty on tty1...
[[0;32m  OK  [0m] Stopped target Timers.
[[0;32m  OK  [0m] Stopped Message of the Day.
[[0;32m  OK  [0m] Stopped Daily apt upgrade and clean activities.
[[0;32m  OK  [0m] Stopped Discard unused blocks once a week.
[[0;32m  OK  [0m] Stopped Daily Cleanup of Temporary Directories.
[[0;32m  OK  [0m] Stopped Daily apt download activities.
[[0;32m  OK  [0m] Stopped target System Time Synchronized.
         Stopping System Logging Service...
         Stopping Dispatcher daemon for systemd-networkd...
[[0;32m  OK  [0m] Closed Load/Save RF Kill Switch Status /dev/rfkill Watch.
[[0;32m  OK  [0m] Unmounted /var/lib/lxcfs.
[[0;32m  OK  [0m] Stopped irqbalance daemon.
[[0;32m  OK  [0m] Stopped System Logging Service.
[[0;32m  OK  [0m] Stopped Snappy daemon.
[[0;32m  OK  [0m] Stopped Dispatcher daemon for systemd-networkd.
[[0;32m  OK  [0m] Stopped Deferred execution scheduler.
[[0;32m  OK  [0m] Stopped Accounts Service.
[[0;32m  OK  [0m] Stopped Regular background program processing daemon.
[[0;32m  OK  [0m] Stopped OpenBSD Secure Shell server.
[[0;32m  OK  [0m] Stopped Serial Getty on ttyS0.
[[0;32m  OK  [0m] Stopped Unattended Upgrades Shutdown.
[[0;32m  OK  [0m] Stopped Getty on tty1.
[[0;32m  OK  [0m] Stopped Authorization Manager.
[[0;32m  OK  [0m] Stopped User Manager for UID 1000.
[[0;32m  OK  [0m] Stopped Availability of block devices.
[[0;32m  OK  [0m] Stopped D-Bus System Message Bus.
[[0;32m  OK  [0m] Stopped vboxadd-service.service.
[[0;32m  OK  [0m] Stopped FUSE filesystem for LXC.
[[0;32m  OK  [0m] Stopped Session 5 of user vagrant.
         Stopping vboxadd.service...
[[0;32m  OK  [0m] Removed slice User Slice of vagrant.
[[0;32m  OK  [0m] Removed slice system-getty.slice.
         Stopping Login Service...
         Stopping Permit User Sessions...
[[0;32m  OK  [0m] Removed slice system-serial\x2dgetty.slice.
         Unmounting Mount unit for core, revision 6818...
         Unmounting Mount unit for vscode, revision 93...
         Unmounting Mount unit for vscode, revision 89...
         Unmounting Mount unit for core, revision 6673...
[[0;32m  OK  [0m] Stopped LXD - container startup/shutdown.
[[0;32m  OK  [0m] Stopped LSB: automatic crash report generation.
[[0;32m  OK  [0m] Stopped Permit User Sessions.
[[0;32m  OK  [0m] Unmounted Mount unit for core, revision 6818.
[[0;32m  OK  [0m] Unmounted Mount unit for core, revision 6673.
[[0;32m  OK  [0m] Stopped target Network.
         Stopping Network Name Resolution...
[[0;32m  OK  [0m] Stopped target Remote File Systems.
[[0;32m  OK  [0m] Stopped target Remote File Systems (Pre).
[[0;32m  OK  [0m] Unmounted Mount unit for vscode, revision 89.
[[0;32m  OK  [0m] Stopped Login Service.
[[0;32m  OK  [0m] Stopped LSB: Record successful boot for GRUB.
[[0;32m  OK  [0m] Unmounted Mount unit for vscode, revision 93.
[[0;32m  OK  [0m] Stopped Network Name Resolution.
         Stopping Network Service...
[[0;32m  OK  [0m] Stopped target User and Group Name Lookups.
[[0;32m  OK  [0m] Unmounted /vagrant.
[[0;32m  OK  [0m] Stopped vboxadd.service.
[[0;32m  OK  [0m] Stopped Network Service.
[[0;32m  OK  [0m] Stopped target Network (Pre).
[[0;32m  OK  [0m] Stopped target Basic System.
[[0;32m  OK  [0m] Stopped target Slices.
[[0;32m  OK  [0m] Removed slice User and Session Slice.
[[0;32m  OK  [0m] Stopped target Sockets.
[[0;32m  OK  [0m] Closed UUID daemon activation socket.
[[0;32m  OK  [0m] Closed LXD - unix socket.
[[0;32m  OK  [0m] Closed ACPID Listen Socket.
[[0;32m  OK  [0m] Closed Socket activation for snappy daemon.
[[0;32m  OK  [0m] Closed Syslog Socket.
[[0;32m  OK  [0m] Closed Open-iSCSI iscsid Socket.
[[0;32m  OK  [0m] Closed D-Bus System Message Bus Socket.
[[0;32m  OK  [0m] Stopped target Paths.
[[0;32m  OK  [0m] Stopped ACPI Events Check.
[[0;32m  OK  [0m] Stopped target System Initialization.
         Stopping Load/Save Random Seed...
[[0;32m  OK  [0m] Stopped Apply Kernel Variables.
[[0;32m  OK  [0m] Stopped Initial cloud-init job (metadata service crawler).
[[0;32m  OK  [0m] Stopped target Local Encrypted Volumes.
[[0;32m  OK  [0m] Stopped Initial cloud-init job (pre-networking).
[[0;32m  OK  [0m] Stopped Load Kernel Modules.
         Stopping Update UTMP about System Boot/Shutdown...
[[0;32m  OK  [0m] Stopped Forward Password Requests to Wall Directory Watch.
[[0;32m  OK  [0m] Stopped Dispatch Password Requests to Console Directory Watch.
[[0;32m  OK  [0m] Stopped Load/Save Random Seed.
[[0;32m  OK  [0m] Stopped Update UTMP about System Boot/Shutdown.
[[0;32m  OK  [0m] Stopped Create Volatile Files and Directories.
[[0;32m  OK  [0m] Stopped target Local File Systems.
         Unmounting /run/user/1000...
[[0;32m  OK  [0m] Unmounted /run/user/1000.
[[0;32m  OK  [0m] Reached target Unmount All Filesystems.
[[0;32m  OK  [0m] Stopped target Swap.
[[0;32m  OK  [0m] Stopped target Local File Systems (Pre).
[[0;32m  OK  [0m] Stopped Create Static Device Nodes in /dev.
[[0;32m  OK  [0m] Stopped Remount Root and Kernel File Systems.
[[0;32m  OK  [0m] Reached target Shutdown.
[[0;32m  OK  [0m] Reached target Final Step.
         Starting Power-Off...
         Stopping Monitoring of LVM2 mirrors…ng dmeventd or progress polling...
[   70.922904] reboot: Power down
